<?xml version="1.0" encoding="UTF-8"?>
<testsuite xmlns:xsi="http://www.w3.org/2001/XMLSchema-instance" xsi:noNamespaceSchemaLocation="https://maven.apache.org/surefire/maven-surefire-plugin/xsd/surefire-test-report.xsd" version="3.0.2" name="com.e_commerce.back_SemiSenior.BackSemiSeniorApplicationTests" time="2.373" tests="1" errors="0" skipped="0" failures="0" flakes="0">
  <properties>
[...]
</properties>
  <testcase name="contextLoads" classname="com.e_commerce.back_SemiSenior.BackSemiSeniorApplicationTests" time="0.261">
    <system-out><![CDATA[06:52:54.348 [main] INFO org.springframework.test.context.support.AnnotationConfigContextLoaderUtils -- Could not detect default configuration classes for test class [com.e_commerce.back_SemiSenior.BackSemiSeniorApplicationTests]: BackSemiSeniorApplicationTests does not declare any static, non-private, non-final, nested classes annotated with @Configuration.
06:52:54.388 [main] INFO org.springframework.boot.test.context.SpringBootTestContextBootstrapper -- Found @SpringBootConfiguration com.e_commerce.back_SemiSenior.BackSemiSeniorApplication for test class com.e_commerce.back_SemiSenior.BackSemiSeniorApplicationTests
06:52:54.412 [main] INFO org.springframework.test.context.support.AnnotationConfigContextLoaderUtils -- Could not detect default configuration classes for test class [com.e_commerce.back_SemiSenior.BackSemiSeniorApplicationTests]: BackSemiSeniorApplicationTests does not declare any static, non-private, non-final, nested classes annotated with @Configuration.
06:52:54.412 [main] INFO org.springframework.boot.test.context.SpringBootTestContextBootstrapper -- Found @SpringBootConfiguration com.e_commerce.back_SemiSenior.BackSemiSeniorApplication for test class com.e_commerce.back_SemiSenior.BackSemiSeniorApplicationTests
06:52:54.438 [main] INFO org.springframework.boot.devtools.restart.RestartApplicationListener -- Restart disabled due to context in which it is running

  .   ____          _            __ _ _
 /\\ / ___'_ __ _ _(_)_ __  __ _ \ \ \ \
( ( )\___ | '_ | '_| | '_ \/ _` | \ \ \ \
 \\/  ___)| |_)| | | | | || (_| |  ) ) ) )
  '  |____| .__|_| |_|_| |_\__, | / / / /
 =========|_|==============|___/=/_/_/_/

 :: Spring Boot ::                (v4.0.4)

2026-03-26T06:52:54.515-05:00  INFO 3331 --- [back-SemiSenior] [           main] c.e.b.BackSemiSeniorApplicationTests     : Starting BackSemiSeniorApplicationTests using Java 17.0.18 with PID 3331 (started by gregorygonzalez in /Users/gregorygonzalez/IdeaProjects/back-SemiSenior)
2026-03-26T06:52:54.516-05:00  INFO 3331 --- [back-SemiSenior] [           main] c.e.b.BackSemiSeniorApplicationTests     : No active profile set, falling back to 1 default profile: "default"
2026-03-26T06:52:54.870-05:00  INFO 3331 --- [back-SemiSenior] [           main] .s.d.r.c.RepositoryConfigurationDelegate : Bootstrapping Spring Data JPA repositories in DEFAULT mode.
2026-03-26T06:52:54.899-05:00  INFO 3331 --- [back-SemiSenior] [           main] .s.d.r.c.RepositoryConfigurationDelegate : Finished Spring Data repository scanning in 26 ms. Found 3 JPA repository interfaces.
2026-03-26T06:52:55.031-05:00  INFO 3331 --- [back-SemiSenior] [           main] com.zaxxer.hikari.HikariDataSource       : HikariPool-1 - Starting...
2026-03-26T06:52:55.088-05:00  INFO 3331 --- [back-SemiSenior] [           main] com.zaxxer.hikari.pool.HikariPool        : HikariPool-1 - Added connection conn0: url=jdbc:h2:mem:1b91f50a-24d6-4ae3-adad-951b7c2221db user=SA
2026-03-26T06:52:55.088-05:00  INFO 3331 --- [back-SemiSenior] [           main] com.zaxxer.hikari.HikariDataSource       : HikariPool-1 - Start completed.
2026-03-26T06:52:55.098-05:00  INFO 3331 --- [back-SemiSenior] [           main] org.hibernate.orm.jpa                    : HHH008540: Processing PersistenceUnitInfo [name: default]
2026-03-26T06:52:55.124-05:00  INFO 3331 --- [back-SemiSenior] [           main] org.hibernate.orm.core                   : HHH000001: Hibernate ORM core version 7.2.7.Final
2026-03-26T06:52:55.274-05:00  INFO 3331 --- [back-SemiSenior] [           main] o.s.o.j.p.SpringPersistenceUnitInfo      : No LoadTimeWeaver setup: ignoring JPA class transformer
2026-03-26T06:52:55.304-05:00  INFO 3331 --- [back-SemiSenior] [           main] org.hibernate.orm.connections.pooling    : HHH10001005: Database info:
	Database JDBC URL [jdbc:h2:mem:1b91f50a-24d6-4ae3-adad-951b7c2221db]
	Database driver: H2 JDBC Driver
	Database dialect: H2Dialect
	Database version: 2.4.240
	Default catalog/schema: 1B91F50A-24D6-4AE3-ADAD-951B7C2221DB/PUBLIC
	Autocommit mode: undefined/unknown
	Isolation level: READ_COMMITTED [default READ_COMMITTED]
	JDBC fetch size: 100
	Pool: DataSourceConnectionProvider
	Minimum pool size: undefined/unknown
	Maximum pool size: undefined/unknown
2026-03-26T06:52:55.637-05:00  INFO 3331 --- [back-SemiSenior] [           main] org.hibernate.orm.core                   : HHH000489: No JTA platform available (set 'hibernate.transaction.jta.platform' to enable JTA platform integration)
2026-03-26T06:52:55.654-05:00  INFO 3331 --- [back-SemiSenior] [           main] j.LocalContainerEntityManagerFactoryBean : Initialized JPA EntityManagerFactory for persistence unit 'default'
2026-03-26T06:52:55.685-05:00  INFO 3331 --- [back-SemiSenior] [           main] o.s.d.j.r.query.QueryEnhancerFactories   : Hibernate is in classpath; If applicable, HQL parser will be used.
2026-03-26T06:52:56.050-05:00  WARN 3331 --- [back-SemiSenior] [           main] JpaBaseConfiguration$JpaWebConfiguration : spring.jpa.open-in-view is enabled by default. Therefore, database queries may be performed during view rendering. Explicitly configure spring.jpa.open-in-view to disable this warning
2026-03-26T06:52:56.084-05:00  WARN 3331 --- [back-SemiSenior] [           main] o.s.security.core.userdetails.User       : User.withDefaultPasswordEncoder() is considered unsafe for production and is only intended for sample applications.
2026-03-26T06:52:56.168-05:00  INFO 3331 --- [back-SemiSenior] [           main] r$InitializeUserDetailsManagerConfigurer : Global AuthenticationManager configured with UserDetailsService bean with name userDetailsService
2026-03-26T06:52:56.389-05:00  INFO 3331 --- [back-SemiSenior] [           main] c.e.b.BackSemiSeniorApplicationTests     : Started BackSemiSeniorApplicationTests in 1.955 seconds (process running for 2.422)
2026-03-26T06:52:56.390-05:00  WARN 3331 --- [back-SemiSenior] [           main] o.s.core.events.SpringDocAppInitializer  : SpringDoc /v3/api-docs endpoint is enabled by default. To disable it in production, set the property 'springdoc.api-docs.enabled=false'
2026-03-26T06:52:56.390-05:00  WARN 3331 --- [back-SemiSenior] [           main] o.s.core.events.SpringDocAppInitializer  : SpringDoc /swagger-ui.html endpoint is enabled by default. To disable it in production, set the property 'springdoc.swagger-ui.enabled=false'
]]></system-out>
  </testcase>
</testsuite>